{"numFailedTestSuites":0,"numFailedTests":0,"numPassedTestSuites":77,"numPassedTests":364,"numPendingTestSuites":0,"numPendingTests":2,"numRuntimeErrorTestSuites":0,"numTodoTests":0,"numTotalTestSuites":77,"numTotalTests":366,"openHandles":[],"snapshot":{"added":0,"didUpdate":false,"failure":false,"filesAdded":0,"filesRemoved":0,"filesRemovedList":[],"filesUnmatched":0,"filesUpdated":0,"matched":0,"total":0,"unchecked":0,"uncheckedKeysByFile":[],"unmatched":0,"updated":0},"startTime":1784822330629,"success":true,"testResults":[{"assertionResults":[{"ancestorTitles":["Calculation Engine","evaluateExpression"],"duration":32,"failureDetails":[],"failureMessages":[],"fullName":"Calculation Engine evaluateExpression should evaluate simple arithmetic","invocations":1,"location":null,"numPassingAsserts":1,"retryReasons":[],"status":"passed","title":"should evaluate simple arithmetic"},{"ancestorTitles":["Calculation Engine","evaluateExpression"],"duration":2,"failureDetails":[],"failureMessages":[],"fullName":"Calculation Engine evaluateExpression should evaluate with variables","invocations":1,"location":null,"numPassingAsserts":1,"retryReasons":[],"status":"passed","title":"should evaluate with variables"},{"ancestorTitles":["Calculation Engine","evaluateExpression"],"duration":2,"failureDetails":[],"failureMessages":[],"fullName":"Calculation Engine evaluateExpression should handle decimals correctly","invocations":1,"location":null,"numPassingAsserts":1,"retryReasons":[],"status":"passed","title":"should handle decimals correctly"},{"ancestorTitles":["Calculation Engine","evaluateExpression"],"duration":118,"failureDetails":[],"failureMessages":[],"fullName":"Calculation Engine evaluateExpression should prevent dangerous code execution","invocations":1,"location":null,"numPassingAsserts":1,"retryReasons":[],"status":"passed","title":"should prevent dangerous code execution"},{"ancestorTitles":["Calculation Engine","evaluateConditional"],"duration":28,"failureDetails":[],"failureMessages":[],"fullName":"Calculation Engine evaluateConditional should evaluate first matching condition","invocations":1,"location":null,"numPassingAsserts":3,"retryReasons":[],"status":"passed","title":"should evaluate first matching condition"},{"ancestorTitles":["Calculation Engine","evaluatePipeline"],"duration":10,"failureDetails":[],"failureMessages":[],"fullName":"Calculation Engine evaluatePipeline should execute steps in order","invocations":1,"location":null,"numPassingAsserts":1,"retryReasons":[],"status":"passed","title":"should execute steps in order"},{"ancestorTitles":["Calculation Engine","Real-world formulas"],"duration":4,"failureDetails":[],"failureMessages":[],"fullName":"Calculation Engine Real-world formulas should calculate standard consumption","invocations":1,"location":null,"numPassingAsserts":1,"retryReasons":[],"status":"passed","title":"should calculate standard consumption"},{"ancestorTitles":["Calculation Engine","Real-world formulas"],"duration":6,"failureDetails":[],"failureMessages":[],"fullName":"Calculation Engine Real-world formulas should calculate with wash cycles","invocations":1,"location":null,"numPassingAsserts":1,"retryReasons":[],"status":"passed","title":"should calculate with wash cycles"},{"ancestorTitles":["Calculation Engine","getApplicableFormula"],"duration":null,"failureDetails":[],"failureMessages":[],"fullName":"Calculation Engine getApplicableFormula should get formula from determination if exists","invocations":1,"location":null,"numPassingAsserts":0,"retryReasons":[],"status":"pending","title":"should get formula from determination if exists"},{"ancestorTitles":["Calculation Engine","getApplicableFormula"],"duration":null,"failureDetails":[],"failureMessages":[],"fullName":"Calculation Engine getApplicableFormula should fallback to equipment formula","invocations":1,"location":null,"numPassingAsserts":0,"retryReasons":[],"status":"pending","title":"should fallback to equipment formula"},{"ancestorTitles":["Calculation Engine","getApplicableFormula"],"duration":2,"failureDetails":[],"failureMessages":[],"fullName":"Calculation Engine getApplicableFormula should return default formula as fallback","invocations":1,"location":null,"numPassingAsserts":3,"retryReasons":[],"status":"passed","title":"should return default formula as fallback"},{"ancestorTitles":["Calculation Engine","Security tests"],"duration":4,"failureDetails":[],"failureMessages":[],"fullName":"Calculation Engine Security tests should prevent eval injection","invocations":1,"location":null,"numPassingAsserts":1,"retryReasons":[],"status":"passed","title":"should prevent eval injection"},{"ancestorTitles":["Calculation Engine","Security tests"],"duration":6,"failureDetails":[],"failureMessages":[],"fullName":"Calculation Engine Security tests should prevent require injection","invocations":1,"location":null,"numPassingAsserts":1,"retryReasons":[],"status":"passed","title":"should prevent require injection"},{"ancestorTitles":["Calculation Engine","Security tests"],"duration":6,"failureDetails":[],"failureMessages":[],"fullName":"Calculation Engine Security tests should prevent import injection","invocations":1,"location":null,"numPassingAsserts":1,"retryReasons":[],"status":"passed","title":"should prevent import injection"}],"endTime":1784822347813,"message":"","name":"C:\\Users\\Departamento de TI\\Desktop\\PROYECTOS\\FamSPI\\backend\\src\\modules\\business-case\\__tests__\\calculationEngine.test.js","startTime":1784822331559,"status":"focused","summary":""},{"assertionResults":[{"ancestorTitles":["user-profile – sanitizeMetadata"],"duration":23,"failureDetails":[],"failureMessages":[],"fullName":"user-profile – sanitizeMetadata elimina claves bloqueadas (email, fullname, etc.)","invocations":1,"location":null,"numPassingAsserts":2,"retryReasons":[],"status":"passed","title":"elimina claves bloqueadas (email, fullname, etc.)"},{"ancestorTitles":["user-profile – sanitizeMetadata"],"duration":3,"failureDetails":[],"failureMessages":[],"fullName":"user-profile – sanitizeMetadata trunca strings a 500 caracteres y descarta undefined","invocations":1,"location":null,"numPassingAsserts":2,"retryReasons":[],"status":"passed","title":"trunca strings a 500 caracteres y descarta undefined"},{"ancestorTitles":["user-profile – sanitizeMetadata"],"duration":1,"failureDetails":[],"failureMessages":[],"fullName":"user-profile – sanitizeMetadata devuelve {} si metadata no es un objeto","invocations":1,"location":null,"numPassingAsserts":2,"retryReasons":[],"status":"passed","title":"devuelve {} si metadata no es un objeto"},{"ancestorTitles":["user-profile – toDriveViewUrl"],"duration":0,"failureDetails":[],"failureMessages":[],"fullName":"user-profile – toDriveViewUrl construye la URL de thumbnail cuando hay driveId","invocations":1,"location":null,"numPassingAsserts":1,"retryReasons":[],"status":"passed","title":"construye la URL de thumbnail cuando hay driveId"},{"ancestorTitles":["user-profile – toDriveViewUrl"],"duration":1,"failureDetails":[],"failureMessages":[],"fullName":"user-profile – toDriveViewUrl devuelve null sin driveId","invocations":1,"location":null,"numPassingAsserts":1,"retryReasons":[],"status":"passed","title":"devuelve null sin driveId"}],"endTime":1784822348222,"message":"","name":"C:\\Users\\Departamento de TI\\Desktop\\PROYECTOS\\FamSPI\\backend\\src\\modules\\user-profile\\__tests__\\userProfile.helpers.test.js","startTime":1784822331603,"status":"passed","summary":""},{"assertionResults":[{"ancestorTitles":["audit-prep – isAuditActive"],"duration":42,"failureDetails":[],"failureMessages":[],"fullName":"audit-prep – isAuditActive es falso cuando el modo auditoria esta apagado","invocations":1,"location":null,"numPassingAsserts":2,"retryReasons":[],"status":"passed","title":"es falso cuando el modo auditoria esta apagado"},{"ancestorTitles":["audit-prep – isAuditActive"],"duration":0,"failureDetails":[],"failureMessages":[],"fullName":"audit-prep – isAuditActive es falso cuando la fecha de inicio es futura","invocations":1,"location":null,"numPassingAsserts":1,"retryReasons":[],"status":"passed","title":"es falso cuando la fecha de inicio es futura"},{"ancestorTitles":["audit-prep – assertAllowedSection"],"duration":72,"failureDetails":[],"failureMessages":[],"fullName":"audit-prep – assertAllowedSection lanza 404 cuando la seccion no existe","invocations":1,"location":null,"numPassingAsserts":1,"retryReasons":[],"status":"passed","title":"lanza 404 cuando la seccion no existe"}],"endTime":1784822348646,"message":"","name":"C:\\Users\\Departamento de TI\\Desktop\\PROYECTOS\\FamSPI\\backend\\src\\modules\\audit-prep\\__tests__\\auditPrep.helpers.test.js","startTime":1784822331603,"status":"passed","summary":""},{"assertionResults":[{"ancestorTitles":["collaborators – computeProfileCompletion"],"duration":24,"failureDetails":[],"failureMessages":[],"fullName":"collaborators – computeProfileCompletion marca complete=false y done=0 con un perfil vacio","invocations":1,"location":null,"numPassingAsserts":3,"retryReasons":[],"status":"passed","title":"marca complete=false y done=0 con un perfil vacio"},{"ancestorTitles":["collaborators – computeProfileCompletion"],"duration":1,"failureDetails":[],"failureMessages":[],"fullName":"collaborators – computeProfileCompletion total es consistente entre corridas (PROFILE_PATHS fijo)","invocations":1,"location":null,"numPassingAsserts":1,"retryReasons":[],"status":"passed","title":"total es consistente entre corridas (PROFILE_PATHS fijo)"}],"endTime":1784822348945,"message":"","name":"C:\\Users\\Departamento de TI\\Desktop\\PROYECTOS\\FamSPI\\backend\\src\\modules\\collaborators\\__tests__\\collaborators.helpers.test.js","startTime":1784822331650,"status":"passed","summary":""},{"assertionResults":[{"ancestorTitles":["clients – buildDriveLink"],"duration":30,"failureDetails":[],"failureMessages":[],"fullName":"clients – buildDriveLink construye el enlace de Drive con el id del archivo","invocations":1,"location":null,"numPassingAsserts":1,"retryReasons":[],"status":"passed","title":"construye el enlace de Drive con el id del archivo"}],"endTime":1784822349389,"message":"","name":"C:\\Users\\Departamento de TI\\Desktop\\PROYECTOS\\FamSPI\\backend\\src\\modules\\clients\\__tests__\\clients.helpers.test.js","startTime":1784822331624,"status":"passed","summary":""},{"assertionResults":[{"ancestorTitles":["document.service – enlaces de Drive"],"duration":25,"failureDetails":[],"failureMessages":[],"fullName":"document.service – enlaces de Drive construye el enlace de visualizacion con el id del archivo","invocations":1,"location":null,"numPassingAsserts":1,"retryReasons":[],"status":"passed","title":"construye el enlace de visualizacion con el id del archivo"},{"ancestorTitles":["document.service – enlaces de Drive"],"duration":0,"failureDetails":[],"failureMessages":[],"fullName":"document.service – enlaces de Drive construye el enlace de descarga directa con el id del archivo","invocations":1,"location":null,"numPassingAsserts":1,"retryReasons":[],"status":"passed","title":"construye el enlace de descarga directa con el id del archivo"}],"endTime":1784822349640,"message":"","name":"C:\\Users\\Departamento de TI\\Desktop\\PROYECTOS\\FamSPI\\backend\\src\\modules\\documents\\__tests__\\document.service.test.js","startTime":1784822331600,"status":"passed","summary":""},{"assertionResults":[{"ancestorTitles":["deliveryRequests.service"],"duration":39,"failureDetails":[],"failureMessages":[],"fullName":"deliveryRequests.service rechaza creacion cuando el ceiling no esta activo","invocations":1,"location":null,"numPassingAsserts":1,"retryReasons":[],"status":"passed","title":"rechaza creacion cuando el ceiling no esta activo"},{"ancestorTitles":["deliveryRequests.service"],"duration":4,"failureDetails":[],"failureMessages":[],"fullName":"deliveryRequests.service devuelve MAX_EXCEEDED cuando requestedQty excede remaining","invocations":1,"location":null,"numPassingAsserts":1,"retryReasons":[],"status":"passed","title":"devuelve MAX_EXCEEDED cuando requestedQty excede remaining"},{"ancestorTitles":["deliveryRequests.service"],"duration":3,"failureDetails":[],"failureMessages":[],"fullName":"deliveryRequests.service rechaza segundo request cuando delivered_qty ya consumio el nuevo saldo","invocations":1,"location":null,"numPassingAsserts":1,"retryReasons":[],"status":"passed","title":"rechaza segundo request cuando delivered_qty ya consumio el nuevo saldo"},{"ancestorTitles":["deliveryRequests.service"],"duration":1,"failureDetails":[],"failureMessages":[],"fullName":"deliveryRequests.service compra publica sin plan aprobado devuelve PUBLIC_PLAN_NOT_APPROVED","invocations":1,"location":null,"numPassingAsserts":1,"retryReasons":[],"status":"passed","title":"compra publica sin plan aprobado devuelve PUBLIC_PLAN_NOT_APPROVED"},{"ancestorTitles":["deliveryRequests.service"],"duration":3,"failureDetails":[],"failureMessages":[],"fullName":"deliveryRequests.service compra publica con plan en draft devuelve PUBLIC_PLAN_NOT_APPROVED","invocations":1,"location":null,"numPassingAsserts":1,"retryReasons":[],"status":"passed","title":"compra publica con plan en draft devuelve PUBLIC_PLAN_NOT_APPROVED"},{"ancestorTitles":["deliveryRequests.service"],"duration":7,"failureDetails":[],"failureMessages":[],"fullName":"deliveryRequests.service compra publica valida contra tramo vigente y permite crear request","invocations":1,"location":null,"numPassingAsserts":3,"retryReasons":[],"status":"passed","title":"compra publica valida contra tramo vigente y permite crear request"},{"ancestorTitles":["deliveryRequests.service"],"duration":2,"failureDetails":[],"failureMessages":[],"fullName":"deliveryRequests.service compra publica con cantidad mayor al tramo falla con TRANCHE_MAX_EXCEEDED","invocations":1,"location":null,"numPassingAsserts":1,"retryReasons":[],"status":"passed","title":"compra publica con cantidad mayor al tramo falla con TRANCHE_MAX_EXCEEDED"},{"ancestorTitles":["deliveryRequests.service"],"duration":2,"failureDetails":[],"failureMessages":[],"fullName":"deliveryRequests.service compra publica sin tramo vigente devuelve OUTSIDE_DELIVERY_WINDOW","invocations":1,"location":null,"numPassingAsserts":1,"retryReasons":[],"status":"passed","title":"compra publica sin tramo vigente devuelve OUTSIDE_DELIVERY_WINDOW"},{"ancestorTitles":["deliveryRequests.service"],"duration":5,"failureDetails":[],"failureMessages":[],"fullName":"deliveryRequests.service confirma entrega y aumenta delivered_qty en delivery_ceiling_line","invocations":1,"location":null,"numPassingAsserts":3,"retryReasons":[],"status":"passed","title":"confirma entrega y aumenta delivered_qty en delivery_ceiling_line"}],"endTime":1784822349750,"message":"","name":"C:\\Users\\Departamento de TI\\Desktop\\PROYECTOS\\FamSPI\\backend\\src\\modules\\delivery-requests\\__tests__\\deliveryRequests.service.test.js","startTime":1784822331579,"status":"passed","summary":""},{"assertionResults":[{"ancestorTitles":["derivePriority"],"duration":39,"failureDetails":[],"failureMessages":[],"fullName":"derivePriority alto + alto => critica","invocations":1,"location":null,"numPassingAsserts":1,"retryReasons":[],"status":"passed","title":"alto + alto => critica"},{"ancestorTitles":["derivePriority"],"duration":1,"failureDetails":[],"failureMessages":[],"fullName":"derivePriority un solo alto => alta","invocations":1,"location":null,"numPassingAsserts":2,"retryReasons":[],"status":"passed","title":"un solo alto => alta"},{"ancestorTitles":["derivePriority"],"duration":0,"failureDetails":[],"failureMessages":[],"fullName":"derivePriority medio => media","invocations":1,"location":null,"numPassingAsserts":1,"retryReasons":[],"status":"passed","title":"medio => media"},{"ancestorTitles":["derivePriority"],"duration":1,"failureDetails":[],"failureMessages":[],"fullName":"derivePriority ambos bajos => baja","invocations":1,"location":null,"numPassingAsserts":1,"retryReasons":[],"status":"passed","title":"ambos bajos => baja"},{"ancestorTitles":["derivePriority"],"duration":2,"failureDetails":[],"failureMessages":[],"fullName":"derivePriority por defecto (sin datos) trata como medio => media","invocations":1,"location":null,"numPassingAsserts":1,"retryReasons":[],"status":"passed","title":"por defecto (sin datos) trata como medio => media"},{"ancestorTitles":["isTIUser"],"duration":0,"failureDetails":[],"failureMessages":[],"fullName":"isTIUser no reconoce a un usuario sin roles","invocations":1,"location":null,"numPassingAsserts":2,"retryReasons":[],"status":"passed","title":"no reconoce a un usuario sin roles"}],"endTime":1784822349765,"message":"","name":"C:\\Users\\Departamento de TI\\Desktop\\PROYECTOS\\FamSPI\\backend\\src\\modules\\support-tickets\\__tests__\\supportTickets.helpers.test.js","startTime":1784822331553,"status":"passed","summary":""},{"assertionResults":[{"ancestorTitles":["opportunities – normalizeNumber"],"duration":53,"failureDetails":[],"failureMessages":[],"fullName":"opportunities – normalizeNumber convierte numeros validos","invocations":1,"location":null,"numPassingAsserts":2,"retryReasons":[],"status":"passed","title":"convierte numeros validos"},{"ancestorTitles":["opportunities – normalizeNumber"],"duration":2,"failureDetails":[],"failureMessages":[],"fullName":"opportunities – normalizeNumber usa el fallback (0 por defecto) ante valores invalidos","invocations":1,"location":null,"numPassingAsserts":3,"retryReasons":[],"status":"passed","title":"usa el fallback (0 por defecto) ante valores invalidos"}],"endTime":1784822349829,"message":"","name":"C:\\Users\\Departamento de TI\\Desktop\\PROYECTOS\\FamSPI\\backend\\src\\modules\\opportunities\\__tests__\\opportunities.helpers.test.js","startTime":1784822331540,"status":"passed","summary":""},{"assertionResults":[{"ancestorTitles":["computeVacationDaysWithWeekendRule"],"duration":54,"failureDetails":[],"failureMessages":[],"fullName":"computeVacationDaysWithWeekendRule devuelve 0 dias cuando la fecha fin es anterior al inicio","invocations":1,"location":null,"numPassingAsserts":1,"retryReasons":[],"status":"passed","title":"devuelve 0 dias cuando la fecha fin es anterior al inicio"},{"ancestorTitles":["computeVacationDaysWithWeekendRule"],"duration":5,"failureDetails":[],"failureMessages":[],"fullName":"computeVacationDaysWithWeekendRule cuenta dias inclusivos sin extension cuando no hay viernes en el rango","invocations":1,"location":null,"numPassingAsserts":1,"retryReasons":[],"status":"passed","title":"cuenta dias inclusivos sin extension cuando no hay viernes en el rango"},{"ancestorTitles":["computeVacationDaysWithWeekendRule"],"duration":4,"failureDetails":[],"failureMessages":[],"fullName":"computeVacationDaysWithWeekendRule extiende al sabado y domingo cuando el rango termina un viernes y hay cupo","invocations":1,"location":null,"numPassingAsserts":2,"retryReasons":[],"status":"passed","title":"extiende al sabado y domingo cuando el rango termina un viernes y hay cupo"},{"ancestorTitles":["computeVacationDaysWithWeekendRule"],"duration":3,"failureDetails":[],"failureMessages":[],"fullName":"computeVacationDaysWithWeekendRule no extiende cuando ya se consumieron los 2 fines de semana del cupo","invocations":1,"location":null,"numPassingAsserts":1,"retryReasons":[],"status":"passed","title":"no extiende cuando ya se consumieron los 2 fines de semana del cupo"}],"endTime":1784822349919,"message":"","name":"C:\\Users\\Departamento de TI\\Desktop\\PROYECTOS\\FamSPI\\backend\\src\\modules\\vacaciones\\__tests__\\vacaciones.service.test.js","startTime":1784822331596,"status":"passed","summary":""},{"assertionResults":[{"ancestorTitles":["offboarding – buildOffboardingRequestCode"],"duration":41,"failureDetails":[],"failureMessages":[],"fullName":"offboarding – buildOffboardingRequestCode genera un codigo con prefijo OFF y el id del usuario","invocations":1,"location":null,"numPassingAsserts":1,"retryReasons":[],"status":"passed","title":"genera un codigo con prefijo OFF y el id del usuario"},{"ancestorTitles":["offboarding – buildOffboardingRequestCode"],"duration":4,"failureDetails":[],"failureMessages":[],"fullName":"offboarding – buildOffboardingRequestCode genera codigos distintos en llamadas separadas","invocations":1,"location":null,"numPassingAsserts":1,"retryReasons":[],"status":"passed","title":"genera codigos distintos en llamadas separadas"}],"endTime":1784822350152,"message":"","name":"C:\\Users\\Departamento de TI\\Desktop\\PROYECTOS\\FamSPI\\backend\\src\\modules\\offboarding\\__tests__\\offboarding.helpers.test.js","startTime":1784822331601,"status":"passed","summary":""},{"assertionResults":[{"ancestorTitles":["hiring-pipeline – hasApprovedStageResult"],"duration":62,"failureDetails":[],"failureMessages":[],"fullName":"hiring-pipeline – hasApprovedStageResult es true cuando existe un resultado aprobado para esa etapa","invocations":1,"location":null,"numPassingAsserts":1,"retryReasons":[],"status":"passed","title":"es true cuando existe un resultado aprobado para esa etapa"},{"ancestorTitles":["hiring-pipeline – hasApprovedStageResult"],"duration":3,"failureDetails":[],"failureMessages":[],"fullName":"hiring-pipeline – hasApprovedStageResult es false sin resultados o sin match de etapa/resultado","invocations":1,"location":null,"numPassingAsserts":2,"retryReasons":[],"status":"passed","title":"es false sin resultados o sin match de etapa/resultado"},{"ancestorTitles":["hiring-pipeline – isLegacyReferenceVerificationPending"],"duration":0,"failureDetails":[],"failureMessages":[],"fullName":"hiring-pipeline – isLegacyReferenceVerificationPending es false si la etapa no es verificacion_referencias","invocations":1,"location":null,"numPassingAsserts":1,"retryReasons":[],"status":"passed","title":"es false si la etapa no es verificacion_referencias"},{"ancestorTitles":["hiring-pipeline – isLegacyReferenceVerificationPending"],"duration":1,"failureDetails":[],"failureMessages":[],"fullName":"hiring-pipeline – isLegacyReferenceVerificationPending es false si el estado no es en_evaluacion","invocations":1,"location":null,"numPassingAsserts":1,"retryReasons":[],"status":"passed","title":"es false si el estado no es en_evaluacion"},{"ancestorTitles":["hiring-pipeline – isLegacyReferenceVerificationPending"],"duration":0,"failureDetails":[],"failureMessages":[],"fullName":"hiring-pipeline – isLegacyReferenceVerificationPending es true para un candidato legacy que avanzo sin verificacion de referencias aprobada","invocations":1,"location":null,"numPassingAsserts":1,"retryReasons":[],"status":"passed","title":"es true para un candidato legacy que avanzo sin verificacion de referencias aprobada"}],"endTime":1784822350411,"message":"","name":"C:\\Users\\Departamento de TI\\Desktop\\PROYECTOS\\FamSPI\\backend\\src\\modules\\hiring-pipeline\\__tests__\\hiringPipeline.helpers.test.js","startTime":1784822331598,"status":"passed","summary":""},{"assertionResults":[{"ancestorTitles":["findColumnForRowByTargetHeader — DET/AÑO PROCESO y PRODUCTO CALCULADO se resuelven por separado"],"duration":53,"failureDetails":[],"failureMessages":[],"fullName":"findColumnForRowByTargetHeader — DET/AÑO PROCESO y PRODUCTO CALCULADO se resuelven por separado DET/AÑO PROCESO resuelve a su propia columna (5), ignorando PRODUCTO CALCULADO","invocations":1,"location":null,"numPassingAsserts":1,"retryReasons":[],"status":"passed","title":"DET/AÑO PROCESO resuelve a su propia columna (5), ignorando PRODUCTO CALCULADO"},{"ancestorTitles":["findColumnForRowByTargetHeader — DET/AÑO PROCESO y PRODUCTO CALCULADO se resuelven por separado"],"duration":3,"failureDetails":[],"failureMessages":[],"fullName":"findColumnForRowByTargetHeader — DET/AÑO PROCESO y PRODUCTO CALCULADO se resuelven por separado PRODUCTO CALCULADO resuelve a su propia columna (6), aunque solo exista en 'cells' (no en fillable_headers)","invocations":1,"location":null,"numPassingAsserts":1,"retryReasons":[],"status":"passed","title":"PRODUCTO CALCULADO resuelve a su propia columna (6), aunque solo exista en 'cells' (no en fillable_headers)"},{"ancestorTitles":["findColumnForRowByTargetHeader — DET/AÑO PROCESO y PRODUCTO CALCULADO se resuelven por separado"],"duration":1,"failureDetails":[],"failureMessages":[],"fullName":"findColumnForRowByTargetHeader — DET/AÑO PROCESO y PRODUCTO CALCULADO se resuelven por separado cada bloque de la pestaña tiene su propio header mas cercano hacia arriba","invocations":1,"location":null,"numPassingAsserts":2,"retryReasons":[],"status":"passed","title":"cada bloque de la pestaña tiene su propio header mas cercano hacia arriba"},{"ancestorTitles":["findColumnForRowByTargetHeader — DET/AÑO PROCESO y PRODUCTO CALCULADO se resuelven por separado"],"duration":0,"failureDetails":[],"failureMessages":[],"fullName":"findColumnForRowByTargetHeader — DET/AÑO PROCESO y PRODUCTO CALCULADO se resuelven por separado sin ningun header declarado antes de la fila, usa el fallback explicito","invocations":1,"location":null,"numPassingAsserts":1,"retryReasons":[],"status":"passed","title":"sin ningun header declarado antes de la fila, usa el fallback explicito"}],"endTime":1784822350892,"message":"","name":"C:\\Users\\Departamento de TI\\Desktop\\PROYECTOS\\FamSPI\\backend\\src\\modules\\business-case\\__tests__\\annualQuantityColumnResolution.test.js","startTime":1784822331535,"status":"passed","summary":""},{"assertionResults":[{"ancestorTitles":["businessCaseDeterminationsGate.service"],"duration":80,"failureDetails":[],"failureMessages":[],"fullName":"businessCaseDeterminationsGate.service buildGateInfo en private_comodato asigna roles correctos","invocations":1,"location":null,"numPassingAsserts":4,"retryReasons":[],"status":"passed","title":"buildGateInfo en private_comodato asigna roles correctos"},{"ancestorTitles":["businessCaseDeterminationsGate.service"],"duration":1,"failureDetails":[],"failureMessages":[],"fullName":"businessCaseDeterminationsGate.service buildGateInfo en public asigna acp_comercial como responsable de la fase comercial","invocations":1,"location":null,"numPassingAsserts":4,"retryReasons":[],"status":"passed","title":"buildGateInfo en public asigna acp_comercial como responsable de la fase comercial"},{"ancestorTitles":["businessCaseDeterminationsGate.service"],"duration":84,"failureDetails":[],"failureMessages":[],"fullName":"businessCaseDeterminationsGate.service assertCanEditDeterminationsOrThrow falla sin documento","invocations":1,"location":null,"numPassingAsserts":1,"retryReasons":[],"status":"passed","title":"assertCanEditDeterminationsOrThrow falla sin documento"},{"ancestorTitles":["businessCaseDeterminationsGate.service"],"duration":8,"failureDetails":[],"failureMessages":[],"fullName":"businessCaseDeterminationsGate.service usa el SLA de revision tecnica y bloquea al vencer","invocations":1,"location":null,"numPassingAsserts":4,"retryReasons":[],"status":"passed","title":"usa el SLA de revision tecnica y bloquea al vencer"}],"endTime":1784822350919,"message":"","name":"C:\\Users\\Departamento de TI\\Desktop\\PROYECTOS\\FamSPI\\backend\\src\\modules\\business-case\\__tests__\\businessCaseDeterminationsGate.service.test.js","startTime":1784822331571,"status":"passed","summary":""},{"assertionResults":[{"ancestorTitles":["businessCasePreflow.service"],"duration":6,"failureDetails":[],"failureMessages":[],"fullName":"businessCasePreflow.service buildPreflowInfo calcula progreso y serverNow","invocations":1,"location":null,"numPassingAsserts":5,"retryReasons":[],"status":"passed","title":"buildPreflowInfo calcula progreso y serverNow"},{"ancestorTitles":["businessCasePreflow.service"],"duration":0,"failureDetails":[],"failureMessages":[],"fullName":"businessCasePreflow.service isPreflowCase reconoce private_comodato","invocations":1,"location":null,"numPassingAsserts":1,"retryReasons":[],"status":"passed","title":"isPreflowCase reconoce private_comodato"},{"ancestorTitles":["businessCasePreflow.service"],"duration":1,"failureDetails":[],"failureMessages":[],"fullName":"businessCasePreflow.service buildPreflowInfo usa fase review y expone tiempo comercial registrado","invocations":1,"location":null,"numPassingAsserts":4,"retryReasons":[],"status":"passed","title":"buildPreflowInfo usa fase review y expone tiempo comercial registrado"}],"endTime":1784822351128,"message":"","name":"C:\\Users\\Departamento de TI\\Desktop\\PROYECTOS\\FamSPI\\backend\\src\\modules\\business-case\\__tests__\\preflow.service.test.js","startTime":1784822349936,"status":"passed","summary":""},{"assertionResults":[{"ancestorTitles":["Exporters"],"duration":81,"failureDetails":[],"failureMessages":[],"fullName":"Exporters should generate a PDF buffer with BC content","invocations":1,"location":null,"numPassingAsserts":2,"retryReasons":[],"status":"passed","title":"should generate a PDF buffer with BC content"},{"ancestorTitles":["Exporters"],"duration":79,"failureDetails":[],"failureMessages":[],"fullName":"Exporters should generate an Excel workbook with the expected sheets","invocations":1,"location":null,"numPassingAsserts":4,"retryReasons":[],"status":"passed","title":"should generate an Excel workbook with the expected sheets"}],"endTime":1784822351225,"message":"","name":"C:\\Users\\Departamento de TI\\Desktop\\PROYECTOS\\FamSPI\\backend\\src\\modules\\business-case\\__tests__\\exporters.test.js","startTime":1784822348660,"status":"passed","summary":""},{"assertionResults":[{"ancestorTitles":["businessCaseSheetGeneration.contract"],"duration":12,"failureDetails":[],"failureMessages":[],"fullName":"businessCaseSheetGeneration.contract validates generation payload and sets defaults","invocations":1,"location":null,"numPassingAsserts":4,"retryReasons":[],"status":"passed","title":"validates generation payload and sets defaults"},{"ancestorTitles":["businessCaseSheetGeneration.contract"],"duration":5,"failureDetails":[],"failureMessages":[],"fullName":"businessCaseSheetGeneration.contract rejects invalid inversiones payload","invocations":1,"location":null,"numPassingAsserts":2,"retryReasons":[],"status":"passed","title":"rejects invalid inversiones payload"},{"ancestorTitles":["businessCaseSheetGeneration.contract"],"duration":10,"failureDetails":[],"failureMessages":[],"fullName":"businessCaseSheetGeneration.contract builds deterministic signatures with stable stringify","invocations":1,"location":null,"numPassingAsserts":4,"retryReasons":[],"status":"passed","title":"builds deterministic signatures with stable stringify"}],"endTime":1784822351315,"message":"","name":"C:\\Users\\Departamento de TI\\Desktop\\PROYECTOS\\FamSPI\\backend\\src\\modules\\business-case\\__tests__\\businessCaseSheetGeneration.contract.test.js","startTime":1784822349410,"status":"passed","summary":""},{"assertionResults":[{"ancestorTitles":["deliveryCeiling.service"],"duration":12,"failureDetails":[],"failureMessages":[],"fullName":"deliveryCeiling.service crea draft y agrega linea en estado draft","invocations":1,"location":null,"numPassingAsserts":4,"retryReasons":[],"status":"passed","title":"crea draft y agrega linea en estado draft"},{"ancestorTitles":["deliveryCeiling.service"],"duration":2,"failureDetails":[],"failureMessages":[],"fullName":"deliveryCeiling.service permite transiciones draft -> approved y approved -> active","invocations":1,"location":null,"numPassingAsserts":3,"retryReasons":[],"status":"passed","title":"permite transiciones draft -> approved y approved -> active"},{"ancestorTitles":["deliveryCeiling.service"],"duration":4,"failureDetails":[],"failureMessages":[],"fullName":"deliveryCeiling.service rechaza transicion invalida active -> draft","invocations":1,"location":null,"numPassingAsserts":3,"retryReasons":[],"status":"passed","title":"rechaza transicion invalida active -> draft"}],"endTime":1784822351894,"message":"","name":"C:\\Users\\Departamento de TI\\Desktop\\PROYECTOS\\FamSPI\\backend\\src\\modules\\business-case\\__tests__\\deliveryCeiling.service.test.js","startTime":1784822350958,"status":"passed","summary":""},{"assertionResults":[{"ancestorTitles":["manual Sheet update permission"],"duration":7,"failureDetails":[],"failureMessages":[],"fullName":"manual Sheet update permission allows only jefe_ti to force a Sheet recreation","invocations":1,"location":null,"numPassingAsserts":3,"retryReasons":[],"status":"passed","title":"allows only jefe_ti to force a Sheet recreation"}],"endTime":1784822351933,"message":"","name":"C:\\Users\\Departamento de TI\\Desktop\\PROYECTOS\\FamSPI\\backend\\src\\modules\\business-case\\__tests__\\sheetUpdatePermissions.test.js","startTime":1784822350929,"status":"passed","summary":""},{"assertionResults":[{"ancestorTitles":["financial investment depreciation"],"duration":4,"failureDetails":[],"failureMessages":[],"fullName":"financial investment depreciation calculates annual, monthly and projected depreciation","invocations":1,"location":null,"numPassingAsserts":1,"retryReasons":[],"status":"passed","title":"calculates annual, monthly and projected depreciation"}],"endTime":1784822352110,"message":"","name":"C:\\Users\\Departamento de TI\\Desktop\\PROYECTOS\\FamSPI\\backend\\src\\modules\\business-case\\__tests__\\investments.depreciation.test.js","startTime":1784822351153,"status":"passed","summary":""},{"assertionResults":[{"ancestorTitles":["businessCaseSheetVersioning.helper"],"duration":4,"failureDetails":[],"failureMessages":[],"fullName":"businessCaseSheetVersioning.helper marks same sheet sync as same_file_updated and avoids new version","invocations":1,"location":null,"numPassingAsserts":3,"retryReasons":[],"status":"passed","title":"marks same sheet sync as same_file_updated and avoids new version"},{"ancestorTitles":["businessCaseSheetVersioning.helper"],"duration":4,"failureDetails":[],"failureMessages":[],"fullName":"businessCaseSheetVersioning.helper marks recreated spreadsheet with missing sheets as replacement","invocations":1,"location":null,"numPassingAsserts":4,"retryReasons":[],"status":"passed","title":"marks recreated spreadsheet with missing sheets as replacement"},{"ancestorTitles":["businessCaseSheetVersioning.helper"],"duration":2,"failureDetails":[],"failureMessages":[],"fullName":"businessCaseSheetVersioning.helper updates existing history entry when the same file is reused","invocations":1,"location":null,"numPassingAsserts":3,"retryReasons":[],"status":"passed","title":"updates existing history entry when the same file is reused"},{"ancestorTitles":["businessCaseSheetVersioning.helper"],"duration":1,"failureDetails":[],"failureMessages":[],"fullName":"businessCaseSheetVersioning.helper prepends a new history entry when the file is replaced","invocations":1,"location":null,"numPassingAsserts":3,"retryReasons":[],"status":"passed","title":"prepends a new history entry when the file is replaced"}],"endTime":1784822352292,"message":"","name":"C:\\Users\\Departamento de TI\\Desktop\\PROYECTOS\\FamSPI\\backend\\src\\modules\\business-case\\__tests__\\businessCaseSheetVersioning.helper.test.js","startTime":1784822351234,"status":"passed","summary":""},{"assertionResults":[{"ancestorTitles":["user-certifications – formatDateLabel"],"duration":69,"failureDetails":[],"failureMessages":[],"fullName":"user-certifications – formatDateLabel devuelve el fallback para valores ausentes o invalidos","invocations":1,"location":null,"numPassingAsserts":3,"retryReasons":[],"status":"passed","title":"devuelve el fallback para valores ausentes o invalidos"},{"ancestorTitles":["user-certifications – formatDateLabel"],"duration":236,"failureDetails":[],"failureMessages":[],"fullName":"user-certifications – formatDateLabel formatea una fecha valida","invocations":1,"location":null,"numPassingAsserts":2,"retryReasons":[],"status":"passed","title":"formatea una fecha valida"}],"endTime":1784822352319,"message":"","name":"C:\\Users\\Departamento de TI\\Desktop\\PROYECTOS\\FamSPI\\backend\\src\\modules\\user-certifications\\__tests__\\userCertifications.helpers.test.js","startTime":1784822331523,"status":"passed","summary":""},{"assertionResults":[{"ancestorTitles":["business case sheet equipment filtering"],"duration":6,"failureDetails":[],"failureMessages":[],"fullName":"business case sheet equipment filtering only includes a backup when simultaneous installation is affirmative","invocations":1,"location":null,"numPassingAsserts":1,"retryReasons":[],"status":"passed","title":"only includes a backup when simultaneous installation is affirmative"},{"ancestorTitles":["business case sheet equipment filtering"],"duration":1,"failureDetails":[],"failureMessages":[],"fullName":"business case sheet equipment filtering recognizes boolean and legacy textual affirmative values","invocations":1,"location":null,"numPassingAsserts":4,"retryReasons":[],"status":"passed","title":"recognizes boolean and legacy textual affirmative values"}],"endTime":1784822352341,"message":"","name":"C:\\Users\\Departamento de TI\\Desktop\\PROYECTOS\\FamSPI\\backend\\src\\modules\\business-case\\__tests__\\businessCaseSheetEquipment.helper.test.js","startTime":1784822351324,"status":"passed","summary":""},{"assertionResults":[{"ancestorTitles":["business case workflow SLA"],"duration":59,"failureDetails":[],"failureMessages":[],"fullName":"business case workflow SLA uses the statistics upload timestamp and a single 48 hour deadline","invocations":1,"location":null,"numPassingAsserts":3,"retryReasons":[],"status":"passed","title":"uses the statistics upload timestamp and a single 48 hour deadline"},{"ancestorTitles":["business case workflow SLA"],"duration":5,"failureDetails":[],"failureMessages":[],"fullName":"business case workflow SLA increases reminder frequency as the 48 hour deadline approaches","invocations":1,"location":null,"numPassingAsserts":8,"retryReasons":[],"status":"passed","title":"increases reminder frequency as the 48 hour deadline approaches"},{"ancestorTitles":["business case workflow SLA"],"duration":1,"failureDetails":[],"failureMessages":[],"fullName":"business case workflow SLA keeps the required participant roles explicit","invocations":1,"location":null,"numPassingAsserts":1,"retryReasons":[],"status":"passed","title":"keeps the required participant roles explicit"},{"ancestorTitles":["business case workflow SLA"],"duration":10,"failureDetails":[],"failureMessages":[],"fullName":"business case workflow SLA identifies the personal pending steps for jefe de servicio","invocations":1,"location":null,"numPassingAsserts":2,"retryReasons":[],"status":"passed","title":"identifies the personal pending steps for jefe de servicio"},{"ancestorTitles":["business case workflow SLA"],"duration":4,"failureDetails":[],"failureMessages":[],"fullName":"business case workflow SLA excludes completed workflow stages from general reminders","invocations":1,"location":null,"numPassingAsserts":5,"retryReasons":[],"status":"passed","title":"excludes completed workflow stages from general reminders"},{"ancestorTitles":["business case workflow SLA"],"duration":0,"failureDetails":[],"failureMessages":[],"fullName":"business case workflow SLA keeps a participant active while their stage is incomplete","invocations":1,"location":null,"numPassingAsserts":1,"retryReasons":[],"status":"passed","title":"keeps a participant active while their stage is incomplete"}],"endTime":1784822352539,"message":"","name":"C:\\Users\\Departamento de TI\\Desktop\\PROYECTOS\\FamSPI\\backend\\src\\modules\\business-case\\__tests__\\businessCaseWorkflowSla.service.test.js","startTime":1784822331531,"status":"passed","summary":""},{"assertionResults":[{"ancestorTitles":["trainings – buildFullName"],"duration":54,"failureDetails":[],"failureMessages":[],"fullName":"trainings – buildFullName compone apellidos + nombres en mayusculas","invocations":1,"location":null,"numPassingAsserts":2,"retryReasons":[],"status":"passed","title":"compone apellidos + nombres en mayusculas"},{"ancestorTitles":["trainings – buildFullName"],"duration":1,"failureDetails":[],"failureMessages":[],"fullName":"trainings – buildFullName usa el fallback cuando no hay nombres ni apellidos","invocations":1,"location":null,"numPassingAsserts":2,"retryReasons":[],"status":"passed","title":"usa el fallback cuando no hay nombres ni apellidos"},{"ancestorTitles":["trainings – normalizeTrainerName"],"duration":1,"failureDetails":[],"failureMessages":[],"fullName":"trainings – normalizeTrainerName recorta, pone en mayusculas y devuelve null si queda vacio","invocations":1,"location":null,"numPassingAsserts":2,"retryReasons":[],"status":"passed","title":"recorta, pone en mayusculas y devuelve null si queda vacio"}],"endTime":1784822353305,"message":"","name":"C:\\Users\\Departamento de TI\\Desktop\\PROYECTOS\\FamSPI\\backend\\src\\modules\\trainings\\__tests__\\trainings.helpers.test.js","startTime":1784822331563,"status":"passed","summary":""},{"assertionResults":[{"ancestorTitles":["ti-assets – buildTiActaItemsBlock"],"duration":63,"failureDetails":[],"failureMessages":[],"fullName":"ti-assets – buildTiActaItemsBlock numera los items e incluye marca/serie/estado/observaciones cuando existen","invocations":1,"location":null,"numPassingAsserts":6,"retryReasons":[],"status":"passed","title":"numera los items e incluye marca/serie/estado/observaciones cuando existen"},{"ancestorTitles":["ti-assets – buildTiActaItemsBlock"],"duration":2,"failureDetails":[],"failureMessages":[],"fullName":"ti-assets – buildTiActaItemsBlock usa el nombre por defecto y omite campos ausentes","invocations":1,"location":null,"numPassingAsserts":1,"retryReasons":[],"status":"passed","title":"usa el nombre por defecto y omite campos ausentes"},{"ancestorTitles":["ti-assets – buildTiActaItemsBlock"],"duration":1,"failureDetails":[],"failureMessages":[],"fullName":"ti-assets – buildTiActaItemsBlock devuelve cadena vacia con arreglo vacio","invocations":1,"location":null,"numPassingAsserts":1,"retryReasons":[],"status":"passed","title":"devuelve cadena vacia con arreglo vacio"}],"endTime":1784822353724,"message":"","name":"C:\\Users\\Departamento de TI\\Desktop\\PROYECTOS\\FamSPI\\backend\\src\\modules\\ti-assets\\__tests__\\tiAssets.helpers.test.js","startTime":1784822331620,"status":"passed","summary":""},{"assertionResults":[{"ancestorTitles":["calculateAge"],"duration":4,"failureDetails":[],"failureMessages":[],"fullName":"calculateAge devuelve cadena vacia para fecha ausente o invalida","invocations":1,"location":null,"numPassingAsserts":2,"retryReasons":[],"status":"passed","title":"devuelve cadena vacia para fecha ausente o invalida"},{"ancestorTitles":["calculateAge"],"duration":8,"failureDetails":[],"failureMessages":[],"fullName":"calculateAge calcula una edad plausible para una fecha pasada","invocations":1,"location":null,"numPassingAsserts":1,"retryReasons":[],"status":"passed","title":"calcula una edad plausible para una fecha pasada"},{"ancestorTitles":["normalizePhone"],"duration":1,"failureDetails":[],"failureMessages":[],"fullName":"normalizePhone deja solo digitos","invocations":1,"location":null,"numPassingAsserts":2,"retryReasons":[],"status":"passed","title":"deja solo digitos"}],"endTime":1784822353790,"message":"","name":"C:\\Users\\Departamento de TI\\Desktop\\PROYECTOS\\FamSPI\\backend\\src\\modules\\applicants\\__tests__\\applicants.helpers.test.js","startTime":1784822348239,"status":"passed","summary":""},{"assertionResults":[{"ancestorTitles":["isFinanceUser"],"duration":78,"failureDetails":[],"failureMessages":[],"fullName":"isFinanceUser reconoce un rol de finanzas (en role o scope, y por lista separada por comas)","invocations":1,"location":null,"numPassingAsserts":3,"retryReasons":[],"status":"passed","title":"reconoce un rol de finanzas (en role o scope, y por lista separada por comas)"},{"ancestorTitles":["isFinanceUser"],"duration":5,"failureDetails":[],"failureMessages":[],"fullName":"isFinanceUser no reconoce a un rol ajeno a finanzas ni a un usuario sin roles","invocations":1,"location":null,"numPassingAsserts":2,"retryReasons":[],"status":"passed","title":"no reconoce a un rol ajeno a finanzas ni a un usuario sin roles"},{"ancestorTitles":["canAccessViaticos"],"duration":1,"failureDetails":[],"failureMessages":[],"fullName":"canAccessViaticos permite acceso a finanzas y a admin","invocations":1,"location":null,"numPassingAsserts":2,"retryReasons":[],"status":"passed","title":"permite acceso a finanzas y a admin"},{"ancestorTitles":["canAccessViaticos"],"duration":5,"failureDetails":[],"failureMessages":[],"fullName":"canAccessViaticos niega acceso a un usuario sin roles","invocations":1,"location":null,"numPassingAsserts":1,"retryReasons":[],"status":"passed","title":"niega acceso a un usuario sin roles"}],"endTime":1784822353908,"message":"","name":"C:\\Users\\Departamento de TI\\Desktop\\PROYECTOS\\FamSPI\\backend\\src\\modules\\viaticos\\__tests__\\viaticos.access.test.js","startTime":1784822331561,"status":"passed","summary":""},{"assertionResults":[{"ancestorTitles":["validateSignatureRequest"],"duration":1,"failureDetails":[],"failureMessages":[],"fullName":"validateSignatureRequest acepta una solicitud completa y valida","invocations":1,"location":null,"numPassingAsserts":1,"retryReasons":[],"status":"passed","title":"acepta una solicitud completa y valida"},{"ancestorTitles":["validateSignatureRequest"],"duration":25,"failureDetails":[],"failureMessages":[],"fullName":"validateSignatureRequest exige el documento en base64","invocations":1,"location":null,"numPassingAsserts":1,"retryReasons":[],"status":"passed","title":"exige el documento en base64"},{"ancestorTitles":["validateSignatureRequest"],"duration":2,"failureDetails":[],"failureMessages":[],"fullName":"validateSignatureRequest exige consentimiento expreso (consent === true)","invocations":1,"location":null,"numPassingAsserts":1,"retryReasons":[],"status":"passed","title":"exige consentimiento expreso (consent === true)"},{"ancestorTitles":["validateSignatureRequest"],"duration":1,"failureDetails":[],"failureMessages":[],"fullName":"validateSignatureRequest exige el rol con el que se firma","invocations":1,"location":null,"numPassingAsserts":1,"retryReasons":[],"status":"passed","title":"exige el rol con el que se firma"},{"ancestorTitles":["validateSignatureRequest"],"duration":1,"failureDetails":[],"failureMessages":[],"fullName":"validateSignatureRequest exige el rol autorizado para el sello","invocations":1,"location":null,"numPassingAsserts":1,"retryReasons":[],"status":"passed","title":"exige el rol autorizado para el sello"}],"endTime":1784822354425,"message":"","name":"C:\\Users\\Departamento de TI\\Desktop\\PROYECTOS\\FamSPI\\backend\\src\\modules\\signature\\__tests__\\signature.validation.test.js","startTime":1784822352586,"status":"passed","summary":""},{"assertionResults":[{"ancestorTitles":["listInventory"],"duration":4,"failureDetails":[],"failureMessages":[],"fullName":"listInventory devuelve el inventario ordenado","invocations":1,"location":null,"numPassingAsserts":1,"retryReasons":[],"status":"passed","title":"devuelve el inventario ordenado"},{"ancestorTitles":["moveInventory – validaciones"],"duration":2,"failureDetails":[],"failureMessages":[],"fullName":"moveInventory – validaciones rechaza un tipo de movimiento invalido","invocations":1,"location":null,"numPassingAsserts":2,"retryReasons":[],"status":"passed","title":"rechaza un tipo de movimiento invalido"},{"ancestorTitles":["moveInventory – validaciones"],"duration":1,"failureDetails":[],"failureMessages":[],"fullName":"moveInventory – validaciones rechaza una cantidad no positiva","invocations":1,"location":null,"numPassingAsserts":2,"retryReasons":[],"status":"passed","title":"rechaza una cantidad no positiva"},{"ancestorTitles":["moveInventory – validaciones"],"duration":1,"failureDetails":[],"failureMessages":[],"fullName":"moveInventory – validaciones devuelve 404 cuando el inventario no existe","invocations":1,"location":null,"numPassingAsserts":2,"retryReasons":[],"status":"passed","title":"devuelve 404 cuando el inventario no existe"},{"ancestorTitles":["moveInventory – validaciones"],"duration":1,"failureDetails":[],"failureMessages":[],"fullName":"moveInventory – validaciones rechaza una salida con stock insuficiente","invocations":1,"location":null,"numPassingAsserts":2,"retryReasons":[],"status":"passed","title":"rechaza una salida con stock insuficiente"}],"endTime":1784822354731,"message":"","name":"C:\\Users\\Departamento de TI\\Desktop\\PROYECTOS\\FamSPI\\backend\\src\\modules\\finanzas\\__tests__\\finanzas.controller.test.js","startTime":1784822353739,"status":"passed","summary":""},{"assertionResults":[{"ancestorTitles":["integrationOutbox.service"],"duration":8,"failureDetails":[],"failureMessages":[],"fullName":"integrationOutbox.service no duplica filas para la misma idempotency_key","invocations":1,"location":null,"numPassingAsserts":3,"retryReasons":[],"status":"passed","title":"no duplica filas para la misma idempotency_key"},{"ancestorTitles":["integrationOutbox.service"],"duration":5,"failureDetails":[],"failureMessages":[],"fullName":"integrationOutbox.service usa dbClient transaccional cuando se provee","invocations":1,"location":null,"numPassingAsserts":3,"retryReasons":[],"status":"passed","title":"usa dbClient transaccional cuando se provee"}],"endTime":1784822354907,"message":"","name":"C:\\Users\\Departamento de TI\\Desktop\\PROYECTOS\\FamSPI\\backend\\src\\modules\\integrations\\__tests__\\integrationOutbox.service.test.js","startTime":1784822353963,"status":"passed","summary":""},{"assertionResults":[{"ancestorTitles":["resolveSmartMark — flujo normal"],"duration":5,"failureDetails":[],"failureMessages":[],"fullName":"resolveSmartMark — flujo normal sin entrada registrada ejecuta clockIn y responde mensaje hablable","invocations":1,"location":null,"numPassingAsserts":4,"retryReasons":[],"status":"passed","title":"sin entrada registrada ejecuta clockIn y responde mensaje hablable"},{"ancestorTitles":["resolveSmartMark — flujo normal"],"duration":1,"failureDetails":[],"failureMessages":[],"fullName":"resolveSmartMark — flujo normal jornada completa responde día cerrado sin marcar","invocations":1,"location":null,"numPassingAsserts":2,"retryReasons":[],"status":"passed","title":"jornada completa responde día cerrado sin marcar"},{"ancestorTitles":["resolveSmartMark — flujo normal"],"duration":1,"failureDetails":[],"failureMessages":[],"fullName":"resolveSmartMark — flujo normal falta de GPS se traduce a mensaje hablable controlado","invocations":1,"location":null,"numPassingAsserts":2,"retryReasons":[],"status":"passed","title":"falta de GPS se traduce a mensaje hablable controlado"},{"ancestorTitles":["resolveSmartMark — flujo normal"],"duration":1,"failureDetails":[],"failureMessages":[],"fullName":"resolveSmartMark — flujo normal sin nombre reconocible, el mensaje queda capitalizado sin saludo","invocations":1,"location":null,"numPassingAsserts":1,"retryReasons":[],"status":"passed","title":"sin nombre reconocible, el mensaje queda capitalizado sin saludo"},{"ancestorTitles":["resolveSmartMark — conversación operacional"],"duration":25,"failureDetails":[],"failureMessages":[],"fullName":"resolveSmartMark — conversación operacional intent operacional sin flujo activo inicia conversación de categoría","invocations":1,"location":null,"numPassingAsserts":3,"retryReasons":[],"status":"passed","title":"intent operacional sin flujo activo inicia conversación de categoría"},{"ancestorTitles":["resolveSmartMark — conversación operacional"],"duration":9,"failureDetails":[],"failureMessages":[],"fullName":"resolveSmartMark — conversación operacional categoría cliente pregunta tipo de visita","invocations":1,"location":null,"numPassingAsserts":1,"retryReasons":[],"status":"passed","title":"categoría cliente pregunta tipo de visita"},{"ancestorTitles":["resolveSmartMark — conversación operacional"],"duration":9,"failureDetails":[],"failureMessages":[],"fullName":"resolveSmartMark — conversación operacional prospecto pide nombre y luego vehículo; sin vehículo ejecuta salida operacional","invocations":1,"location":null,"numPassingAsserts":6,"retryReasons":[],"status":"passed","title":"prospecto pide nombre y luego vehículo; sin vehículo ejecuta salida operacional"},{"ancestorTitles":["resolveSmartMark — conversación operacional"],"duration":2,"failureDetails":[],"failureMessages":[],"fullName":"resolveSmartMark — conversación operacional vehículo personal deriva a handoff con URL de captura","invocations":1,"location":null,"numPassingAsserts":3,"retryReasons":[],"status":"passed","title":"vehículo personal deriva a handoff con URL de captura"},{"ancestorTitles":["resolveSmartMark — conversación operacional"],"duration":3,"failureDetails":[],"failureMessages":[],"fullName":"resolveSmartMark — conversación operacional cronograma deriva a handoff","invocations":1,"location":null,"numPassingAsserts":2,"retryReasons":[],"status":"passed","title":"cronograma deriva a handoff"},{"ancestorTitles":["resolveSmartMark — flujo operacional activo"],"duration":1,"failureDetails":[],"failureMessages":[],"fullName":"resolveSmartMark — flujo operacional activo salida marcada sin llegada ejecuta llegada-destino","invocations":1,"location":null,"numPassingAsserts":2,"retryReasons":[],"status":"passed","title":"salida marcada sin llegada ejecuta llegada-destino"},{"ancestorTitles":["resolveSmartMark — flujo operacional activo"],"duration":1,"failureDetails":[],"failureMessages":[],"fullName":"resolveSmartMark — flujo operacional activo cierre con vehículo personal (falta foto km final) deriva a handoff exacto","invocations":1,"location":null,"numPassingAsserts":3,"retryReasons":[],"status":"passed","title":"cierre con vehículo personal (falta foto km final) deriva a handoff exacto"},{"ancestorTitles":["resolveSmartMark — flujo operacional activo"],"duration":1,"failureDetails":[],"failureMessages":[],"fullName":"resolveSmartMark — flujo operacional activo visita a cliente activa pregunta si continua a otro cliente o regresa a oficina","invocations":1,"location":null,"numPassingAsserts":3,"retryReasons":[],"status":"passed","title":"visita a cliente activa pregunta si continua a otro cliente o regresa a oficina"},{"ancestorTitles":["resolveSmartMark — flujo operacional activo"],"duration":4,"failureDetails":[],"failureMessages":[],"fullName":"resolveSmartMark — flujo operacional activo responde 'otro cliente': cierra visita y pregunta tipo del siguiente (no handoff directo)","invocations":1,"location":null,"numPassingAsserts":5,"retryReasons":[],"status":"passed","title":"responde 'otro cliente': cierra visita y pregunta tipo del siguiente (no handoff directo)"},{"ancestorTitles":["resolveSmartMark — flujo operacional activo"],"duration":3,"failureDetails":[],"failureMessages":[],"fullName":"resolveSmartMark — flujo operacional activo prospecto nuevo tras cerrar visita: se marca por voz, sin UI","invocations":1,"location":null,"numPassingAsserts":4,"retryReasons":[],"status":"passed","title":"prospecto nuevo tras cerrar visita: se marca por voz, sin UI"},{"ancestorTitles":["resolveSmartMark — flujo operacional activo"],"duration":3,"failureDetails":[],"failureMessages":[],"fullName":"resolveSmartMark — flujo operacional activo cronograma/emergencia para el siguiente cliente sigue siendo handoff (selección compleja)","invocations":1,"location":null,"numPassingAsserts":2,"retryReasons":[],"status":"passed","title":"cronograma/emergencia para el siguiente cliente sigue siendo handoff (selección compleja)"},{"ancestorTitles":["resolveSmartMark — flujo operacional activo"],"duration":1,"failureDetails":[],"failureMessages":[],"fullName":"resolveSmartMark — flujo operacional activo responde 'regreso a oficina': cierra visita y encadena cierre de viaje","invocations":1,"location":null,"numPassingAsserts":3,"retryReasons":[],"status":"passed","title":"responde 'regreso a oficina': cierra visita y encadena cierre de viaje"},{"ancestorTitles":["resolveSmartMark — flujo operacional activo"],"duration":1,"failureDetails":[],"failureMessages":[],"fullName":"resolveSmartMark — flujo operacional activo al llegar al destino (sin almuerzo aun) pregunta cliente/almuerzo/cierre","invocations":1,"location":null,"numPassingAsserts":3,"retryReasons":[],"status":"passed","title":"al llegar al destino (sin almuerzo aun) pregunta cliente/almuerzo/cierre"},{"ancestorTitles":["resolveSmartMark — flujo operacional activo"],"duration":1,"failureDetails":[],"failureMessages":[],"fullName":"resolveSmartMark — flujo operacional activo responde 'otro cliente' en el destino: pregunta tipo de visita, sin cerrar nada ni ir a UI todavia","invocations":1,"location":null,"numPassingAsserts":2,"retryReasons":[],"status":"passed","title":"responde 'otro cliente' en el destino: pregunta tipo de visita, sin cerrar nada ni ir a UI todavia"},{"ancestorTitles":["resolveSmartMark — flujo operacional activo"],"duration":1,"failureDetails":[],"failureMessages":[],"fullName":"resolveSmartMark — flujo operacional activo estando a almuerzo (salida marcada, sin regreso): re-invocar el atajo marca el regreso solo y pregunta cliente/cierre","invocations":1,"location":null,"numPassingAsserts":5,"retryReasons":[],"status":"passed","title":"estando a almuerzo (salida marcada, sin regreso): re-invocar el atajo marca el regreso solo y pregunta cliente/cierre"},{"ancestorTitles":["resolveSmartMark — flujo operacional activo"],"duration":2,"failureDetails":[],"failureMessages":[],"fullName":"resolveSmartMark — flujo operacional activo almuerzo ya completo (salida y regreso marcados): pregunta solo cliente/cierre, sin ofrecer almuerzo de nuevo","invocations":1,"location":null,"numPassingAsserts":3,"retryReasons":[],"status":"passed","title":"almuerzo ya completo (salida y regreso marcados): pregunta solo cliente/cierre, sin ofrecer almuerzo de nuevo"},{"ancestorTitles":["resolveSmartMark — flujo operacional activo"],"duration":5,"failureDetails":[],"failureMessages":[],"fullName":"resolveSmartMark — flujo operacional activo responde 'almuerzo': primera vez marca salida, segunda vez marca regreso","invocations":1,"location":null,"numPassingAsserts":6,"retryReasons":[],"status":"passed","title":"responde 'almuerzo': primera vez marca salida, segunda vez marca regreso"},{"ancestorTitles":["resolveSmartMark — flujo operacional activo"],"duration":6,"failureDetails":[],"failureMessages":[],"fullName":"resolveSmartMark — flujo operacional activo responde 'cerrar': ejecuta cierre-viaje","invocations":1,"location":null,"numPassingAsserts":2,"retryReasons":[],"status":"passed","title":"responde 'cerrar': ejecuta cierre-viaje"},{"ancestorTitles":["aviso de redirección en handoff"],"duration":4,"failureDetails":[],"failureMessages":[],"fullName":"aviso de redirección en handoff todo handoff avisa explícitamente 'vas a ser redirigido'","invocations":1,"location":null,"numPassingAsserts":2,"retryReasons":[],"status":"passed","title":"todo handoff avisa explícitamente 'vas a ser redirigido'"},{"ancestorTitles":["seguridad de continuation_token"],"duration":1,"failureDetails":[],"failureMessages":[],"fullName":"seguridad de continuation_token token de otro usuario se rechaza","invocations":1,"location":null,"numPassingAsserts":2,"retryReasons":[],"status":"passed","title":"token de otro usuario se rechaza"},{"ancestorTitles":["seguridad de continuation_token"],"duration":0,"failureDetails":[],"failureMessages":[],"fullName":"seguridad de continuation_token token corrupto se rechaza","invocations":1,"location":null,"numPassingAsserts":1,"retryReasons":[],"status":"passed","title":"token corrupto se rechaza"},{"ancestorTitles":["issueShortcutToken"],"duration":8,"failureDetails":[],"failureMessages":[],"fullName":"issueShortcutToken emite JWT con mismos claims iss/aud aceptados por verifyToken, dura 6 meses y queda registrado para revocación","invocations":1,"location":null,"numPassingAsserts":9,"retryReasons":[],"status":"passed","title":"emite JWT con mismos claims iss/aud aceptados por verifyToken, dura 6 meses y queda registrado para revocación"},{"ancestorTitles":["issueShortcutToken"],"duration":3,"failureDetails":[],"failureMessages":[],"fullName":"issueShortcutToken perfil sin iss/aud (token emitido por TI para otro usuario) igual pasa verifyToken","invocations":1,"location":null,"numPassingAsserts":3,"retryReasons":[],"status":"passed","title":"perfil sin iss/aud (token emitido por TI para otro usuario) igual pasa verifyToken"},{"ancestorTitles":["getFirstName"],"duration":2,"failureDetails":[],"failureMessages":[],"fullName":"getFirstName usa el email (nombre.apellido) aunque fullname venga en orden legal apellidos+nombres","invocations":1,"location":null,"numPassingAsserts":2,"retryReasons":[],"status":"passed","title":"usa el email (nombre.apellido) aunque fullname venga en orden legal apellidos+nombres"},{"ancestorTitles":["getFirstName"],"duration":0,"failureDetails":[],"failureMessages":[],"fullName":"getFirstName email sin punto usa el local-part completo","invocations":1,"location":null,"numPassingAsserts":1,"retryReasons":[],"status":"passed","title":"email sin punto usa el local-part completo"},{"ancestorTitles":["getFirstName"],"duration":0,"failureDetails":[],"failureMessages":[],"fullName":"getFirstName sin email cae a la primera palabra de fullname","invocations":1,"location":null,"numPassingAsserts":1,"retryReasons":[],"status":"passed","title":"sin email cae a la primera palabra de fullname"},{"ancestorTitles":["getFirstName"],"duration":1,"failureDetails":[],"failureMessages":[],"fullName":"getFirstName sin email ni fullname devuelve cadena vacia (sin saludo)","invocations":1,"location":null,"numPassingAsserts":1,"retryReasons":[],"status":"passed","title":"sin email ni fullname devuelve cadena vacia (sin saludo)"},{"ancestorTitles":["frases motivadoras (entrada / salida operacional)"],"duration":0,"failureDetails":[],"failureMessages":[],"fullName":"frases motivadoras (entrada / salida operacional) hay al menos 100 frases sin duplicados","invocations":1,"location":null,"numPassingAsserts":2,"retryReasons":[],"status":"passed","title":"hay al menos 100 frases sin duplicados"},{"ancestorTitles":["frases motivadoras (entrada / salida operacional)"],"duration":5,"failureDetails":[],"failureMessages":[],"fullName":"frases motivadoras (entrada / salida operacional) salida operacional cierra con una frase motivadora del banco","invocations":1,"location":null,"numPassingAsserts":2,"retryReasons":[],"status":"passed","title":"salida operacional cierra con una frase motivadora del banco"},{"ancestorTitles":["frases motivadoras (entrada / salida operacional)"],"duration":3,"failureDetails":[],"failureMessages":[],"fullName":"frases motivadoras (entrada / salida operacional) almuerzo/salida final no llevan frase motivadora (solo entrada y salida operacional)","invocations":1,"location":null,"numPassingAsserts":1,"retryReasons":[],"status":"passed","title":"almuerzo/salida final no llevan frase motivadora (solo entrada y salida operacional)"},{"ancestorTitles":["frases motivadoras (entrada / salida operacional)"],"duration":9,"failureDetails":[],"failureMessages":[],"fullName":"frases motivadoras (entrada / salida operacional) en muchas corridas aparece mas de una frase distinta (no siempre la misma)","invocations":1,"location":null,"numPassingAsserts":1,"retryReasons":[],"status":"passed","title":"en muchas corridas aparece mas de una frase distinta (no siempre la misma)"},{"ancestorTitles":["parsers de voz"],"duration":4,"failureDetails":[],"failureMessages":[],"fullName":"parsers de voz categorías con acentos y frases completas","invocations":1,"location":null,"numPassingAsserts":4,"retryReasons":[],"status":"passed","title":"categorías con acentos y frases completas"},{"ancestorTitles":["parsers de voz"],"duration":1,"failureDetails":[],"failureMessages":[],"fullName":"parsers de voz sí/no","invocations":1,"location":null,"numPassingAsserts":3,"retryReasons":[],"status":"passed","title":"sí/no"},{"ancestorTitles":["parsers de voz"],"duration":5,"failureDetails":[],"failureMessages":[],"fullName":"parsers de voz sí/no toleran puntuación pegada (coma, punto)","invocations":1,"location":null,"numPassingAsserts":3,"retryReasons":[],"status":"passed","title":"sí/no toleran puntuación pegada (coma, punto)"}],"endTime":1784822354914,"message":"","name":"C:\\Users\\Departamento de TI\\Desktop\\PROYECTOS\\FamSPI\\backend\\src\\modules\\attendance\\__tests__\\attendanceShortcut.service.test.js","startTime":1784822353338,"status":"passed","summary":""},{"assertionResults":[{"ancestorTitles":["dashboard – classifyPgError"],"duration":4,"failureDetails":[],"failureMessages":[],"fullName":"dashboard – classifyPgError clasifica error sin codigo como DB_ERROR generico","invocations":1,"location":null,"numPassingAsserts":2,"retryReasons":[],"status":"passed","title":"clasifica error sin codigo como DB_ERROR generico"},{"ancestorTitles":["dashboard – classifyPgError"],"duration":1,"failureDetails":[],"failureMessages":[],"fullName":"dashboard – classifyPgError clasifica tabla inexistente (42P01) como SCHEMA_MISSING","invocations":1,"location":null,"numPassingAsserts":2,"retryReasons":[],"status":"passed","title":"clasifica tabla inexistente (42P01) como SCHEMA_MISSING"},{"ancestorTitles":["dashboard – classifyPgError"],"duration":1,"failureDetails":[],"failureMessages":[],"fullName":"dashboard – classifyPgError clasifica columna inexistente (42703) como SCHEMA_MISSING","invocations":1,"location":null,"numPassingAsserts":2,"retryReasons":[],"status":"passed","title":"clasifica columna inexistente (42703) como SCHEMA_MISSING"},{"ancestorTitles":["dashboard – classifyPgError"],"duration":0,"failureDetails":[],"failureMessages":[],"fullName":"dashboard – classifyPgError clasifica otros codigos de error como DB_ERROR de conexion","invocations":1,"location":null,"numPassingAsserts":1,"retryReasons":[],"status":"passed","title":"clasifica otros codigos de error como DB_ERROR de conexion"}],"endTime":1784822355076,"message":"","name":"C:\\Users\\Departamento de TI\\Desktop\\PROYECTOS\\FamSPI\\backend\\src\\modules\\dashboard\\__tests__\\dashboard.helpers.test.js","startTime":1784822352349,"status":"passed","summary":""},{"assertionResults":[{"ancestorTitles":[],"duration":16,"failureDetails":[],"failureMessages":[],"fullName":"token de shortcut revocado es rechazado con 401","invocations":1,"location":null,"numPassingAsserts":3,"retryReasons":[],"status":"passed","title":"token de shortcut revocado es rechazado con 401"},{"ancestorTitles":[],"duration":4,"failureDetails":[],"failureMessages":[],"fullName":"token de shortcut no revocado continua normalmente","invocations":1,"location":null,"numPassingAsserts":2,"retryReasons":[],"status":"passed","title":"token de shortcut no revocado continua normalmente"},{"ancestorTitles":[],"duration":2,"failureDetails":[],"failureMessages":[],"fullName":"token normal (sin token_kind) no consulta revocacion","invocations":1,"location":null,"numPassingAsserts":2,"retryReasons":[],"status":"passed","title":"token normal (sin token_kind) no consulta revocacion"}],"endTime":1784822355164,"message":"","name":"C:\\Users\\Departamento de TI\\Desktop\\PROYECTOS\\FamSPI\\backend\\src\\middlewares\\__tests__\\auth.shortcutRevocation.test.js","startTime":1784822353816,"status":"passed","summary":""},{"assertionResults":[{"ancestorTitles":["inventario – normalizeDetalleValue"],"duration":4,"failureDetails":[],"failureMessages":[],"fullName":"inventario – normalizeDetalleValue serializa objetos a JSON","invocations":1,"location":null,"numPassingAsserts":2,"retryReasons":[],"status":"passed","title":"serializa objetos a JSON"},{"ancestorTitles":["inventario – normalizeDetalleValue"],"duration":0,"failureDetails":[],"failureMessages":[],"fullName":"inventario – normalizeDetalleValue devuelve null para null/undefined","invocations":1,"location":null,"numPassingAsserts":2,"retryReasons":[],"status":"passed","title":"devuelve null para null/undefined"}],"endTime":1784822355194,"message":"","name":"C:\\Users\\Departamento de TI\\Desktop\\PROYECTOS\\FamSPI\\backend\\src\\modules\\inventario\\__tests__\\inventario.helpers.test.js","startTime":1784822354435,"status":"passed","summary":""},{"assertionResults":[{"ancestorTitles":["sendMail delegated sender"],"duration":73,"failureDetails":[],"failureMessages":[],"fullName":"sendMail delegated sender delega como el usuario solicitante (from), no como GOOGLE_SUBJECT por defecto","invocations":1,"location":null,"numPassingAsserts":1,"retryReasons":[],"status":"passed","title":"delega como el usuario solicitante (from), no como GOOGLE_SUBJECT por defecto"},{"ancestorTitles":["sendMail delegated sender"],"duration":10,"failureDetails":[],"failureMessages":[],"fullName":"sendMail delegated sender encadena el siguiente correo como respuesta (threadId + In-Reply-To) cuando se pasa contexto de hilo","invocations":1,"location":null,"numPassingAsserts":5,"retryReasons":[],"status":"passed","title":"encadena el siguiente correo como respuesta (threadId + In-Reply-To) cuando se pasa contexto de hilo"}],"endTime":1784822355402,"message":"","name":"C:\\Users\\Departamento de TI\\Desktop\\PROYECTOS\\FamSPI\\backend\\src\\utils\\__tests__\\mailer.test.js","startTime":1784822352352,"status":"passed","summary":""},{"assertionResults":[{"ancestorTitles":["technical-applications – normalizeRow"],"duration":3,"failureDetails":[],"failureMessages":[],"fullName":"technical-applications – normalizeRow mapea snake_case a camelCase para created_at/updated_at","invocations":1,"location":null,"numPassingAsserts":1,"retryReasons":[],"status":"passed","title":"mapea snake_case a camelCase para created_at/updated_at"}],"endTime":1784822355596,"message":"","name":"C:\\Users\\Departamento de TI\\Desktop\\PROYECTOS\\FamSPI\\backend\\src\\modules\\technical-applications\\__tests__\\technicalApplications.helpers.test.js","startTime":1784822354742,"status":"passed","summary":""},{"assertionResults":[{"ancestorTitles":["management.service"],"duration":4,"failureDetails":[],"failureMessages":[],"fullName":"management.service returns a global total for paginated request lists","invocations":1,"location":null,"numPassingAsserts":4,"retryReasons":[],"status":"passed","title":"returns a global total for paginated request lists"},{"ancestorTitles":["management.service"],"duration":3,"failureDetails":[],"failureMessages":[],"fullName":"management.service guards JSON request_id casts before comparing trace ids","invocations":1,"location":null,"numPassingAsserts":4,"retryReasons":[],"status":"passed","title":"guards JSON request_id casts before comparing trace ids"},{"ancestorTitles":["management.service"],"duration":0,"failureDetails":[],"failureMessages":[],"fullName":"management.service returns an empty trace for invalid ids without hitting the database","invocations":1,"location":null,"numPassingAsserts":2,"retryReasons":[],"status":"passed","title":"returns an empty trace for invalid ids without hitting the database"}],"endTime":1784822355715,"message":"","name":"C:\\Users\\Departamento de TI\\Desktop\\PROYECTOS\\FamSPI\\backend\\src\\modules\\management\\__tests__\\management.service.test.js","startTime":1784822354914,"status":"passed","summary":""},{"assertionResults":[{"ancestorTitles":["attendance.service RH-09 helpers"],"duration":404,"failureDetails":[],"failureMessages":[],"fullName":"attendance.service RH-09 helpers maps RH-09 day fields by template row position when field names are crossed","invocations":1,"location":null,"numPassingAsserts":8,"retryReasons":[],"status":"passed","title":"maps RH-09 day fields by template row position when field names are crossed"},{"ancestorTitles":["attendance.service RH-09 helpers"],"duration":0,"failureDetails":[],"failureMessages":[],"fullName":"attendance.service RH-09 helpers uses official non-working day labels for weekend and vacations","invocations":1,"location":null,"numPassingAsserts":2,"retryReasons":[],"status":"passed","title":"uses official non-working day labels for weekend and vacations"},{"ancestorTitles":["attendance.service RH-09 helpers"],"duration":46,"failureDetails":[],"failureMessages":[],"fullName":"attendance.service RH-09 helpers prints VAC-{ID} in hour cells for approved vacation days","invocations":1,"location":null,"numPassingAsserts":1,"retryReasons":[],"status":"passed","title":"prints VAC-{ID} in hour cells for approved vacation days"}],"endTime":1784822355784,"message":"","name":"C:\\Users\\Departamento de TI\\Desktop\\PROYECTOS\\FamSPI\\backend\\src\\modules\\attendance\\__tests__\\attendance.service.test.js","startTime":1784822352300,"status":"passed","summary":""},{"assertionResults":[{"ancestorTitles":["integrationOutboxWorker.service"],"duration":4,"failureDetails":[],"failureMessages":[],"fullName":"integrationOutboxWorker.service marca como skipped un evento no-CRM (Odoo ya no existe, no hay provider)","invocations":1,"location":null,"numPassingAsserts":2,"retryReasons":[],"status":"passed","title":"marca como skipped un evento no-CRM (Odoo ya no existe, no hay provider)"},{"ancestorTitles":["integrationOutboxWorker.service"],"duration":4,"failureDetails":[],"failureMessages":[],"fullName":"integrationOutboxWorker.service procesa batch CRM y reparte sent/failed","invocations":1,"location":null,"numPassingAsserts":2,"retryReasons":[],"status":"passed","title":"procesa batch CRM y reparte sent/failed"},{"ancestorTitles":["integrationOutboxWorker.service"],"duration":1,"failureDetails":[],"failureMessages":[],"fullName":"integrationOutboxWorker.service envia a dead cuando supera max_attempts","invocations":1,"location":null,"numPassingAsserts":2,"retryReasons":[],"status":"passed","title":"envia a dead cuando supera max_attempts"}],"endTime":1784822355836,"message":"","name":"C:\\Users\\Departamento de TI\\Desktop\\PROYECTOS\\FamSPI\\backend\\src\\modules\\integrations\\__tests__\\integrationOutboxWorker.service.test.js","startTime":1784822354924,"status":"passed","summary":""},{"assertionResults":[{"ancestorTitles":["moduleAccess – catalogo de modulos"],"duration":18,"failureDetails":[],"failureMessages":[],"fullName":"moduleAccess – catalogo de modulos expone un catalogo no vacio con clave y prefijos por modulo","invocations":1,"location":null,"numPassingAsserts":125,"retryReasons":[],"status":"passed","title":"expone un catalogo no vacio con clave y prefijos por modulo"},{"ancestorTitles":["moduleAccess – resolveModuleKeyByPath"],"duration":3,"failureDetails":[],"failureMessages":[],"fullName":"moduleAccess – resolveModuleKeyByPath resuelve la clave de modulo por su prefijo de ruta (match mas largo)","invocations":1,"location":null,"numPassingAsserts":3,"retryReasons":[],"status":"passed","title":"resuelve la clave de modulo por su prefijo de ruta (match mas largo)"},{"ancestorTitles":["moduleAccess – resolveModuleKeyByPath"],"duration":1,"failureDetails":[],"failureMessages":[],"fullName":"moduleAccess – resolveModuleKeyByPath devuelve null para una ruta que no pertenece a ningun modulo","invocations":1,"location":null,"numPassingAsserts":1,"retryReasons":[],"status":"passed","title":"devuelve null para una ruta que no pertenece a ningun modulo"}],"endTime":1784822355895,"message":"","name":"C:\\Users\\Departamento de TI\\Desktop\\PROYECTOS\\FamSPI\\backend\\src\\modules\\module-access\\__tests__\\moduleAccess.service.test.js","startTime":1784822355172,"status":"passed","summary":""},{"assertionResults":[{"ancestorTitles":["attendanceReports.service permission enrichment"],"duration":5,"failureDetails":[],"failureMessages":[],"fullName":"attendanceReports.service permission enrichment adds permission exit and return marks for hourly approved permissions","invocations":1,"location":null,"numPassingAsserts":5,"retryReasons":[],"status":"passed","title":"adds permission exit and return marks for hourly approved permissions"},{"ancestorTitles":["attendanceReports.service permission enrichment"],"duration":3,"failureDetails":[],"failureMessages":[],"fullName":"attendanceReports.service permission enrichment uses emergency label for emergency permissions","invocations":1,"location":null,"numPassingAsserts":3,"retryReasons":[],"status":"passed","title":"uses emergency label for emergency permissions"},{"ancestorTitles":["attendanceReports.service permission enrichment"],"duration":1,"failureDetails":[],"failureMessages":[],"fullName":"attendanceReports.service permission enrichment does not create permission marks for vacations or permissions without hourly range","invocations":1,"location":null,"numPassingAsserts":6,"retryReasons":[],"status":"passed","title":"does not create permission marks for vacations or permissions without hourly range"}],"endTime":1784822355918,"message":"","name":"C:\\Users\\Departamento de TI\\Desktop\\PROYECTOS\\FamSPI\\backend\\src\\modules\\attendance\\__tests__\\attendanceReports.service.test.js","startTime":1784822355201,"status":"passed","summary":""},{"assertionResults":[{"ancestorTitles":["security.whitelist – validacion de CIDR"],"duration":1,"failureDetails":[],"failureMessages":[],"fullName":"security.whitelist – validacion de CIDR acepta un CIDR IPv4 valido","invocations":1,"location":null,"numPassingAsserts":2,"retryReasons":[],"status":"passed","title":"acepta un CIDR IPv4 valido"},{"ancestorTitles":["security.whitelist – validacion de CIDR"],"duration":4,"failureDetails":[],"failureMessages":[],"fullName":"security.whitelist – validacion de CIDR rechaza CIDR mal formados","invocations":1,"location":null,"numPassingAsserts":5,"retryReasons":[],"status":"passed","title":"rechaza CIDR mal formados"},{"ancestorTitles":["security.whitelist – coincidencia IP contra CIDR"],"duration":1,"failureDetails":[],"failureMessages":[],"fullName":"security.whitelist – coincidencia IP contra CIDR hace match dentro de un /24","invocations":1,"location":null,"numPassingAsserts":2,"retryReasons":[],"status":"passed","title":"hace match dentro de un /24"},{"ancestorTitles":["security.whitelist – coincidencia IP contra CIDR"],"duration":0,"failureDetails":[],"failureMessages":[],"fullName":"security.whitelist – coincidencia IP contra CIDR no hace match fuera del /24","invocations":1,"location":null,"numPassingAsserts":1,"retryReasons":[],"status":"passed","title":"no hace match fuera del /24"},{"ancestorTitles":["security.whitelist – coincidencia IP contra CIDR"],"duration":1,"failureDetails":[],"failureMessages":[],"fullName":"security.whitelist – coincidencia IP contra CIDR soporta coincidencia exacta de IP","invocations":1,"location":null,"numPassingAsserts":2,"retryReasons":[],"status":"passed","title":"soporta coincidencia exacta de IP"},{"ancestorTitles":["security.whitelist – coincidencia IP contra CIDR"],"duration":0,"failureDetails":[],"failureMessages":[],"fullName":"security.whitelist – coincidencia IP contra CIDR devuelve false ante entradas vacias","invocations":1,"location":null,"numPassingAsserts":2,"retryReasons":[],"status":"passed","title":"devuelve false ante entradas vacias"},{"ancestorTitles":["security.privacy – enmascarado y saneo de datos sensibles"],"duration":1,"failureDetails":[],"failureMessages":[],"fullName":"security.privacy – enmascarado y saneo de datos sensibles enmascara el ultimo octeto de una IPv4 dentro de un string","invocations":1,"location":null,"numPassingAsserts":1,"retryReasons":[],"status":"passed","title":"enmascara el ultimo octeto de una IPv4 dentro de un string"},{"ancestorTitles":["security.privacy – enmascarado y saneo de datos sensibles"],"duration":0,"failureDetails":[],"failureMessages":[],"fullName":"security.privacy – enmascarado y saneo de datos sensibles devuelve el valor tal cual si no es string","invocations":1,"location":null,"numPassingAsserts":2,"retryReaso
[...]
lureMessages":[],"fullName":"schedules – buildGoogleMapsDeepLink devuelve null si falta locationQuery en la primera o ultima parada","invocations":1,"location":null,"numPassingAsserts":1,"retryReasons":[],"status":"passed","title":"devuelve null si falta locationQuery en la primera o ultima parada"}],"endTime":1784822359287,"message":"","name":"C:\\Users\\Departamento de TI\\Desktop\\PROYECTOS\\FamSPI\\backend\\src\\modules\\schedules\\__tests__\\schedules.helpers.test.js","startTime":1784822347883,"status":"passed","summary":""},{"assertionResults":[{"ancestorTitles":["attendance flow separation"],"duration":93,"failureDetails":[],"failureMessages":[],"fullName":"attendance flow separation blocks unexpected exit start when operational flow is active","invocations":1,"location":null,"numPassingAsserts":2,"retryReasons":[],"status":"passed","title":"blocks unexpected exit start when operational flow is active"},{"ancestorTitles":["attendance flow separation"],"duration":4,"failureDetails":[],"failureMessages":[],"fullName":"attendance flow separation blocks operational exit start when unexpected flow is active","invocations":1,"location":null,"numPassingAsserts":2,"retryReasons":[],"status":"passed","title":"blocks operational exit start when unexpected flow is active"},{"ancestorTitles":["attendance flow separation"],"duration":9,"failureDetails":[],"failureMessages":[],"fullName":"attendance flow separation registers operational exit successfully","invocations":1,"location":null,"numPassingAsserts":2,"retryReasons":[],"status":"passed","title":"registers operational exit successfully"},{"ancestorTitles":["attendance flow separation"],"duration":4,"failureDetails":[],"failureMessages":[],"fullName":"attendance flow separation returns operational cycle as active when user starts it again on another day","invocations":1,"location":null,"numPassingAsserts":2,"retryReasons":[],"status":"passed","title":"returns operational cycle as active when user starts it again on another day"},{"ancestorTitles":["attendance flow separation"],"duration":19,"failureDetails":[],"failureMessages":[],"fullName":"attendance flow separation registers operational return successfully","invocations":1,"location":null,"numPassingAsserts":3,"retryReasons":[],"status":"passed","title":"registers operational return successfully"},{"ancestorTitles":["attendance flow separation"],"duration":3,"failureDetails":[],"failureMessages":[],"fullName":"attendance flow separation closes operational trip from outside office and also closes the regular day","invocations":1,"location":null,"numPassingAsserts":2,"retryReasons":[],"status":"passed","title":"closes operational trip from outside office and also closes the regular day"},{"ancestorTitles":["attendance flow separation"],"duration":15,"failureDetails":[],"failureMessages":[],"fullName":"attendance flow separation registers unexpected exit successfully","invocations":1,"location":null,"numPassingAsserts":2,"retryReasons":[],"status":"passed","title":"registers unexpected exit successfully"},{"ancestorTitles":["attendance flow separation"],"duration":2,"failureDetails":[],"failureMessages":[],"fullName":"attendance flow separation registers unexpected return successfully","invocations":1,"location":null,"numPassingAsserts":2,"retryReasons":[],"status":"passed","title":"registers unexpected return successfully"},{"ancestorTitles":["attendance flow separation"],"duration":4,"failureDetails":[],"failureMessages":[],"fullName":"attendance flow separation registers field visit entry successfully for prospect","invocations":1,"location":null,"numPassingAsserts":2,"retryReasons":[],"status":"passed","title":"registers field visit entry successfully for prospect"},{"ancestorTitles":["attendance flow separation"],"duration":2,"failureDetails":[],"failureMessages":[],"fullName":"attendance flow separation registers field visit exit successfully for prospect","invocations":1,"location":null,"numPassingAsserts":2,"retryReasons":[],"status":"passed","title":"registers field visit exit successfully for prospect"},{"ancestorTitles":["attendance flow separation"],"duration":2,"failureDetails":[],"failureMessages":[],"fullName":"attendance flow separation accepts explicit post visit action when closing field visit","invocations":1,"location":null,"numPassingAsserts":2,"retryReasons":[],"status":"passed","title":"accepts explicit post visit action when closing field visit"},{"ancestorTitles":["attendance flow separation"],"duration":0,"failureDetails":[],"failureMessages":[],"fullName":"attendance flow separation rejects invalid post visit action when closing field visit","invocations":1,"location":null,"numPassingAsserts":2,"retryReasons":[],"status":"passed","title":"rejects invalid post visit action when closing field visit"},{"ancestorTitles":["attendance flow separation"],"duration":3,"failureDetails":[],"failureMessages":[],"fullName":"attendance flow separation returns LOCATION_REQUIRED_RETRY when location is missing in clock-in","invocations":1,"location":null,"numPassingAsserts":2,"retryReasons":[],"status":"passed","title":"returns LOCATION_REQUIRED_RETRY when location is missing in clock-in"},{"ancestorTitles":["attendance flow separation"],"duration":1,"failureDetails":[],"failureMessages":[],"fullName":"attendance flow separation blocks clock-in when user has active approved time off","invocations":1,"location":null,"numPassingAsserts":2,"retryReasons":[],"status":"passed","title":"blocks clock-in when user has active approved time off"},{"ancestorTitles":["attendance flow separation"],"duration":2,"failureDetails":[],"failureMessages":[],"fullName":"attendance flow separation blocks lunch start when there is no entry","invocations":1,"location":null,"numPassingAsserts":2,"retryReasons":[],"status":"passed","title":"blocks lunch start when there is no entry"},{"ancestorTitles":["attendance flow separation"],"duration":2,"failureDetails":[],"failureMessages":[],"fullName":"attendance flow separation blocks lunch return when lunch start was not marked","invocations":1,"location":null,"numPassingAsserts":2,"retryReasons":[],"status":"passed","title":"blocks lunch return when lunch start was not marked"},{"ancestorTitles":["attendance flow separation"],"duration":1,"failureDetails":[],"failureMessages":[],"fullName":"attendance flow separation blocks day exit when entry was not marked","invocations":1,"location":null,"numPassingAsserts":2,"retryReasons":[],"status":"passed","title":"blocks day exit when entry was not marked"},{"ancestorTitles":["attendance flow separation"],"duration":1,"failureDetails":[],"failureMessages":[],"fullName":"attendance flow separation blocks day exit when it happens a few seconds after entry","invocations":1,"location":null,"numPassingAsserts":2,"retryReasons":[],"status":"passed","title":"blocks day exit when it happens a few seconds after entry"},{"ancestorTitles":["attendance flow separation"],"duration":1,"failureDetails":[],"failureMessages":[],"fullName":"attendance flow separation requires type and description for registerException","invocations":1,"location":null,"numPassingAsserts":2,"retryReasons":[],"status":"passed","title":"requires type and description for registerException"},{"ancestorTitles":["attendance flow separation"],"duration":1,"failureDetails":[],"failureMessages":[],"fullName":"attendance flow separation returns invalid status when updating exception with unsupported state","invocations":1,"location":null,"numPassingAsserts":2,"retryReasons":[],"status":"passed","title":"returns invalid status when updating exception with unsupported state"},{"ancestorTitles":["attendance flow separation"],"duration":1,"failureDetails":[],"failureMessages":[],"fullName":"attendance flow separation allows operational destination exit to continue with active status","invocations":1,"location":null,"numPassingAsserts":2,"retryReasons":[],"status":"passed","title":"allows operational destination exit to continue with active status"},{"ancestorTitles":["attendance flow separation"],"duration":1,"failureDetails":[],"failureMessages":[],"fullName":"attendance flow separation blocks generic completion of an operational flow without final evidence","invocations":1,"location":null,"numPassingAsserts":2,"retryReasons":[],"status":"passed","title":"blocks generic completion of an operational flow without final evidence"},{"ancestorTitles":["attendance flow separation"],"duration":1,"failureDetails":[],"failureMessages":[],"fullName":"attendance flow separation blocks field visit entry for users without field role","invocations":1,"location":null,"numPassingAsserts":2,"retryReasons":[],"status":"passed","title":"blocks field visit entry for users without field role"},{"ancestorTitles":["attendance flow separation"],"duration":1,"failureDetails":[],"failureMessages":[],"fullName":"attendance flow separation returns 404 when closing field visit with no active visit","invocations":1,"location":null,"numPassingAsserts":2,"retryReasons":[],"status":"passed","title":"returns 404 when closing field visit with no active visit"},{"ancestorTitles":["attendance flow separation"],"duration":1,"failureDetails":[],"failureMessages":[],"fullName":"attendance flow separation returns 200 when client visit was already closed recently (idempotent close)","invocations":1,"location":null,"numPassingAsserts":2,"retryReasons":[],"status":"passed","title":"returns 200 when client visit was already closed recently (idempotent close)"},{"ancestorTitles":["attendance flow separation"],"duration":3,"failureDetails":[],"failureMessages":[],"fullName":"attendance flow separation falls back when client_assignments table is missing and still registers client visit entry","invocations":1,"location":null,"numPassingAsserts":2,"retryReasons":[],"status":"passed","title":"falls back when client_assignments table is missing and still registers client visit entry"},{"ancestorTitles":["attendance flow separation"],"duration":2,"failureDetails":[],"failureMessages":[],"fullName":"attendance flow separation falls back to legacy insert when optional client visit columns are missing","invocations":1,"location":null,"numPassingAsserts":2,"retryReasons":[],"status":"passed","title":"falls back to legacy insert when optional client visit columns are missing"},{"ancestorTitles":["attendance flow separation"],"duration":2,"failureDetails":[],"failureMessages":[],"fullName":"attendance flow separation continues field visit entry when schedules table is missing","invocations":1,"location":null,"numPassingAsserts":2,"retryReasons":[],"status":"passed","title":"continues field visit entry when schedules table is missing"},{"ancestorTitles":["attendance flow separation"],"duration":2,"failureDetails":[],"failureMessages":[],"fullName":"attendance flow separation returns 400 when client_id is invalid in field visit entry","invocations":1,"location":null,"numPassingAsserts":2,"retryReasons":[],"status":"passed","title":"returns 400 when client_id is invalid in field visit entry"},{"ancestorTitles":["attendance flow separation"],"duration":1,"failureDetails":[],"failureMessages":[],"fullName":"attendance flow separation returns 400 when client_id is invalid in field visit exit","invocations":1,"location":null,"numPassingAsserts":2,"retryReasons":[],"status":"passed","title":"returns 400 when client_id is invalid in field visit exit"},{"ancestorTitles":["attendance flow separation"],"duration":1,"failureDetails":[],"failureMessages":[],"fullName":"attendance flow separation falls back to latest active client visit (today/yesterday) when strict date close does not match","invocations":1,"location":null,"numPassingAsserts":2,"retryReasons":[],"status":"passed","title":"falls back to latest active client visit (today/yesterday) when strict date close does not match"},{"ancestorTitles":["attendance flow separation"],"duration":2,"failureDetails":[],"failureMessages":[],"fullName":"attendance flow separation ignores missing schedules table when closing active client visit","invocations":1,"location":null,"numPassingAsserts":2,"retryReasons":[],"status":"passed","title":"ignores missing schedules table when closing active client visit"},{"ancestorTitles":["attendance flow separation"],"duration":2,"failureDetails":[],"failureMessages":[],"fullName":"attendance flow separation keeps the operational exception ON_SITE (does not force ACTIVE) when a client visit closes with continue_operation","invocations":1,"location":null,"numPassingAsserts":2,"retryReasons":[],"status":"passed","title":"keeps the operational exception ON_SITE (does not force ACTIVE) when a client visit closes with continue_operation"},{"ancestorTitles":["attendance flow separation"],"duration":3,"failureDetails":[],"failureMessages":[],"fullName":"attendance flow separation getToday never reports a late arrival for a user who has not clocked in yet","invocations":1,"location":null,"numPassingAsserts":2,"retryReasons":[],"status":"passed","title":"getToday never reports a late arrival for a user who has not clocked in yet"},{"ancestorTitles":["attendance flow separation"],"duration":3,"failureDetails":[],"failureMessages":[],"fullName":"attendance flow separation getToday still reports a real late arrival once entry_time exists","invocations":1,"location":null,"numPassingAsserts":2,"retryReasons":[],"status":"passed","title":"getToday still reports a real late arrival once entry_time exists"},{"ancestorTitles":["attendance flow separation"],"duration":2,"failureDetails":[],"failureMessages":[],"fullName":"attendance flow separation does not auto-close today's regular exit while an operational exception is still open, even late at night","invocations":1,"location":null,"numPassingAsserts":1,"retryReasons":[],"status":"passed","title":"does not auto-close today's regular exit while an operational exception is still open, even late at night"},{"ancestorTitles":["attendance flow separation"],"duration":3,"failureDetails":[],"failureMessages":[],"fullName":"attendance flow separation does not mirror entry_time from an operational exit that starts before the official workday","invocations":1,"location":null,"numPassingAsserts":2,"retryReasons":[],"status":"passed","title":"does not mirror entry_time from an operational exit that starts before the official workday"},{"ancestorTitles":["attendance flow separation"],"duration":1,"failureDetails":[],"failureMessages":[],"fullName":"attendance flow separation blocks closing the operation (clockInOperational) while a client visit is still open","invocations":1,"location":null,"numPassingAsserts":2,"retryReasons":[],"status":"passed","title":"blocks closing the operation (clockInOperational) while a client visit is still open"},{"ancestorTitles":["attendance flow separation"],"duration":2,"failureDetails":[],"failureMessages":[],"fullName":"attendance flow separation blocks closing the trip (clockCloseTrip) while a client visit is still open","invocations":1,"location":null,"numPassingAsserts":2,"retryReasons":[],"status":"passed","title":"blocks closing the trip (clockCloseTrip) while a client visit is still open"},{"ancestorTitles":["attendance flow separation"],"duration":4,"failureDetails":[],"failureMessages":[],"fullName":"attendance flow separation closes telework directly without client-visit blocking or travel allowance","invocations":1,"location":null,"numPassingAsserts":3,"retryReasons":[],"status":"passed","title":"closes telework directly without client-visit blocking or travel allowance"},{"ancestorTitles":["attendance flow separation"],"duration":2,"failureDetails":[],"failureMessages":[],"fullName":"attendance flow separation does not allow operational lunch actions during telework","invocations":1,"location":null,"numPassingAsserts":2,"retryReasons":[],"status":"passed","title":"does not allow operational lunch actions during telework"},{"ancestorTitles":["attendance flow separation"],"duration":2,"failureDetails":[],"failureMessages":[],"fullName":"attendance flow separation requires regular lunch marks before closing telework started during work hours","invocations":1,"location":null,"numPassingAsserts":2,"retryReasons":[],"status":"passed","title":"requires regular lunch marks before closing telework started during work hours"},{"ancestorTitles":["attendance flow separation"],"duration":2,"failureDetails":[],"failureMessages":[],"fullName":"attendance flow separation rejects lunch marks for telework started outside the work schedule","invocations":1,"location":null,"numPassingAsserts":2,"retryReasons":[],"status":"passed","title":"rejects lunch marks for telework started outside the work schedule"}],"endTime":1784822359827,"message":"","name":"C:\\Users\\Departamento de TI\\Desktop\\PROYECTOS\\FamSPI\\backend\\src\\modules\\attendance\\__tests__\\attendance.controller.flows.test.js","startTime":1784822348961,"status":"passed","summary":""},{"assertionResults":[{"ancestorTitles":["privatePurchases – _hasAnyRoleToken"],"duration":20,"failureDetails":[],"failureMessages":[],"fullName":"privatePurchases – _hasAnyRoleToken hace match por token contenido en el rol del usuario","invocations":1,"location":null,"numPassingAsserts":2,"retryReasons":[],"status":"passed","title":"hace match por token contenido en el rol del usuario"},{"ancestorTitles":["privatePurchases – _hasAnyRoleToken"],"duration":1,"failureDetails":[],"failureMessages":[],"fullName":"privatePurchases – _hasAnyRoleToken no hace match para un rol ajeno o usuario sin roles","invocations":1,"location":null,"numPassingAsserts":2,"retryReasons":[],"status":"passed","title":"no hace match para un rol ajeno o usuario sin roles"}],"endTime":1784822360635,"message":"","name":"C:\\Users\\Departamento de TI\\Desktop\\PROYECTOS\\FamSPI\\backend\\src\\modules\\private-purchases\\__tests__\\privatePurchases.roles.test.js","startTime":1784822331558,"status":"passed","summary":""},{"assertionResults":[{"ancestorTitles":["business case sheet quantity mapping"],"duration":10452,"failureDetails":[],"failureMessages":[],"fullName":"business case sheet quantity mapping preserves populated technical rows and resolves both annual columns independently","invocations":1,"location":null,"numPassingAsserts":3,"retryReasons":[],"status":"passed","title":"preserves populated technical rows and resolves both annual columns independently"},{"ancestorTitles":["business case sheet quantity mapping"],"duration":4,"failureDetails":[],"failureMessages":[],"fullName":"business case sheet quantity mapping resolves both DET/AÑO PROCESO and PRODUCTO CALCULADO columns for every b123 row","invocations":1,"location":null,"numPassingAsserts":4,"retryReasons":[],"status":"passed","title":"resolves both DET/AÑO PROCESO and PRODUCTO CALCULADO columns for every b123 row"},{"ancestorTitles":["business case sheet quantity mapping"],"duration":4,"failureDetails":[],"failureMessages":[],"fullName":"business case sheet quantity mapping protects only the validated subsection annual cells (servicio -> PRODUCTO CALCULADO)","invocations":1,"location":null,"numPassingAsserts":1,"retryReasons":[],"status":"passed","title":"protects only the validated subsection annual cells (servicio -> PRODUCTO CALCULADO)"},{"ancestorTitles":["business case sheet quantity mapping"],"duration":2,"failureDetails":[],"failureMessages":[],"fullName":"business case sheet quantity mapping protects the reactivos subsection using DET/AÑO PROCESO (columna E), no PRODUCTO CALCULADO","invocations":1,"location":null,"numPassingAsserts":1,"retryReasons":[],"status":"passed","title":"protects the reactivos subsection using DET/AÑO PROCESO (columna E), no PRODUCTO CALCULADO"}],"endTime":1784822361036,"message":"","name":"C:\\Users\\Departamento de TI\\Desktop\\PROYECTOS\\FamSPI\\backend\\src\\modules\\business-case\\__tests__\\businessCaseSheetSyncLocal.mapping.test.js","startTime":1784822331543,"status":"passed","summary":""}],"wasInterrupted":false}
